Using pre-set license
Built from '6000.0/staging' branch; Version is '6000.0.32f1 (b2e806cf271c) revision 11724806'; Using compiler version '193933523'; Build Type 'Release'
OS: 'Windows 11  (10.0.26100) 64bit CoreSingleLanguage' Language: 'en' Physical Memory: 15709 MB
BatchMode: 1, IsHumanControllingUs: 0, StartBugReporterOnCrash: 0, Is64bit: 1, IsPro: 1

COMMAND LINE ARGUMENTS:
C:\Program Files\Unity\Hub\Editor\6000.0.32f1\Editor\Unity.exe
-adb2
-batchMode
-noUpm
-name
AssetImportWorker2
-projectPath
C:/Users/Bisal shah/UnityBackuP/Harvest of the Death 9-9-25/Harvest of the Dead
-logFile
Logs/AssetImportWorker2.log
-srvPort
50446
-job-worker-count
7
-background-job-worker-count
8
-gc-helper-count
1
Successfully changed project path to: C:/Users/Bisal shah/UnityBackuP/Harvest of the Death 9-9-25/Harvest of the Dead
C:/Users/Bisal shah/UnityBackuP/Harvest of the Death 9-9-25/Harvest of the Dead
[UnityMemory] Configuration Parameters - Can be set up in boot.config
    "memorysetup-bucket-allocator-granularity=16"
    "memorysetup-bucket-allocator-bucket-count=8"
    "memorysetup-bucket-allocator-block-size=33554432"
    "memorysetup-bucket-allocator-block-count=8"
    "memorysetup-main-allocator-block-size=16777216"
    "memorysetup-thread-allocator-block-size=16777216"
    "memorysetup-gfx-main-allocator-block-size=16777216"
    "memorysetup-gfx-thread-allocator-block-size=16777216"
    "memorysetup-cache-allocator-block-size=4194304"
    "memorysetup-typetree-allocator-block-size=2097152"
    "memorysetup-profiler-bucket-allocator-granularity=16"
    "memorysetup-profiler-bucket-allocator-bucket-count=8"
    "memorysetup-profiler-bucket-allocator-block-size=33554432"
    "memorysetup-profiler-bucket-allocator-block-count=8"
    "memorysetup-profiler-allocator-block-size=16777216"
    "memorysetup-profiler-editor-allocator-block-size=1048576"
    "memorysetup-temp-allocator-size-main=16777216"
    "memorysetup-job-temp-allocator-block-size=2097152"
    "memorysetup-job-temp-allocator-block-size-background=1048576"
    "memorysetup-job-temp-allocator-reduction-small-platforms=262144"
    "memorysetup-allocator-temp-initial-block-size-main=262144"
    "memorysetup-allocator-temp-initial-block-size-worker=262144"
    "memorysetup-temp-allocator-size-background-worker=32768"
    "memorysetup-temp-allocator-size-job-worker=262144"
    "memorysetup-temp-allocator-size-preload-manager=33554432"
    "memorysetup-temp-allocator-size-nav-mesh-worker=65536"
    "memorysetup-temp-allocator-size-audio-worker=65536"
    "memorysetup-temp-allocator-size-cloud-worker=32768"
    "memorysetup-temp-allocator-size-gi-baking-worker=262144"
    "memorysetup-temp-allocator-size-gi-baking-worker=262144"
    "memorysetup-temp-allocator-size-gi-baking-worker=262144"
    "memorysetup-temp-allocator-size-gi-baking-worker=262144"
    "memorysetup-temp-allocator-size-gi-baking-worker=262144"
    "memorysetup-temp-allocator-size-gfx=262144"
Player connection [16432]  Target information:

Player connection [16432]  * "[IP] 26.112.144.135 [Port] 0 [Flags] 2 [Guid] 3253594183 [EditorId] 3253594183 [Version] 1048832 [Id] WindowsEditor(7,BISAL-CHAURASIYA) [Debug] 1 [PackageName] WindowsEditor [ProjectName] Editor" 

Player connection [16432]  * "[IP] 10.1.116.121 [Port] 0 [Flags] 2 [Guid] 3253594183 [EditorId] 3253594183 [Version] 1048832 [Id] WindowsEditor(7,BISAL-CHAURASIYA) [Debug] 1 [PackageName] WindowsEditor [ProjectName] Editor" 

Player connection [16432] Host joined multi-casting on [225.0.0.222:54997]...
Player connection [16432] Host joined alternative multi-casting on [225.0.0.222:34997]...
JobSystem: Creating JobQueue using job-worker-count value 7
[Physics::Module] Initialized fallback backend.
[Physics::Module] Id: 0xdecafbad
Library Redirect Path: Library/
[Physics::Module] Selected backend.
[Physics::Module] Name: PhysX
[Physics::Module] Id: 0xf2b8ea05
[Physics::Module] SDK Version: 4.1.2
[Physics::Module] Integration Version: 1.0.0
[Physics::Module] Threading Mode: Multi-Threaded
Refreshing native plugins compatible for Editor in 3.79 ms, found 3 plugins.
Preloading 0 native plugins for Editor in 0.00 ms.
Initialize engine version: 6000.0.32f1 (b2e806cf271c)
[Subsystems] Discovering subsystems at path C:/Program Files/Unity/Hub/Editor/6000.0.32f1/Editor/Data/Resources/UnitySubsystems
[Subsystems] Discovering subsystems at path C:/Users/Bisal shah/UnityBackuP/Harvest of the Death 9-9-25/Harvest of the Dead/Assets
GfxDevice: creating device client; kGfxThreadingModeNonThreaded
Direct3D:
    Version:  Direct3D 11.0 [level 11.1]
    Renderer: AMD Radeon(TM) Graphics (ID=0x164c)
    Vendor:   ATI
    VRAM:     7854 MB
    Driver:   31.0.21912.3005
Initialize mono
Mono path[0] = 'C:/Program Files/Unity/Hub/Editor/6000.0.32f1/Editor/Data/Managed'
Mono path[1] = 'C:/Program Files/Unity/Hub/Editor/6000.0.32f1/Editor/Data/MonoBleedingEdge/lib/mono/unityjit-win32'
Mono config path = 'C:/Program Files/Unity/Hub/Editor/6000.0.32f1/Editor/Data/MonoBleedingEdge/etc'
Using monoOptions --debugger-agent=transport=dt_socket,embedding=1,server=y,suspend=n,address=127.0.0.1:56088
Begin MonoManager ReloadAssembly
Registering precompiled unity dll's ...
Register platform support module: C:/Program Files/Unity/Hub/Editor/6000.0.32f1/Editor/Data/PlaybackEngines/WebGLSupport/UnityEditor.WebGL.Extensions.dll
Register platform support module: C:/Program Files/Unity/Hub/Editor/6000.0.32f1/Editor/Data/PlaybackEngines/WindowsStandaloneSupport/UnityEditor.WindowsStandalone.Extensions.dll
Register platform support module: C:/Program Files/Unity/Hub/Editor/6000.0.32f1/Editor/Data/PlaybackEngines/AndroidPlayer/UnityEditor.Android.Extensions.dll
Register platform support module: C:/Program Files/Unity/Hub/Editor/6000.0.32f1/Editor/Data/PlaybackEngines/iOSSupport/UnityEditor.iOS.Extensions.dll
Registered in 0.009336 seconds.
- Loaded All Assemblies, in  0.549 seconds
[usbmuxd] Start listen thread
[usbmuxd] Listen thread started
Native extension for iOS target not found
Native extension for Android target not found
Android Extension - Scanning For ADB Devices 388 ms
Native extension for WindowsStandalone target not found
Native extension for WebGL target not found
Mono: successfully reloaded assembly
- Finished resetting the current domain, in  0.933 seconds
Domain Reload Profiling: 1478ms
	BeginReloadAssembly (188ms)
		ExecutionOrderSort (0ms)
		DisableScriptedObjects (0ms)
		BackupInstance (0ms)
		ReleaseScriptingObjects (0ms)
		CreateAndSetChildDomain (1ms)
	RebuildCommonClasses (51ms)
	RebuildNativeTypeToScriptingClass (15ms)
	initialDomainReloadingComplete (70ms)
	LoadAllAssembliesAndSetupDomain (221ms)
		LoadAssemblies (185ms)
		RebuildTransferFunctionScriptingTraits (0ms)
		AnalyzeDomain (215ms)
			TypeCache.Refresh (212ms)
				TypeCache.ScanAssembly (195ms)
			BuildScriptInfoCaches (0ms)
			ResolveRequiredComponents (2ms)
	FinalizeReload (933ms)
		ReleaseScriptCaches (0ms)
		RebuildScriptCaches (0ms)
		SetupLoadedEditorAssemblies (878ms)
			LogAssemblyErrors (0ms)
			InitializePlatformSupportModulesInManaged (520ms)
			SetLoadedEditorAssemblies (5ms)
			BeforeProcessingInitializeOnLoad (72ms)
			ProcessInitializeOnLoadAttributes (186ms)
			ProcessInitializeOnLoadMethodAttributes (95ms)
			AfterProcessingInitializeOnLoad (0ms)
			EditorAssembliesLoaded (0ms)
		ExecutionOrderSort2 (0ms)
		AwakeInstancesAfterBackupRestoration (0ms)
========================================================================
Worker process is ready to serve import requests
Import Worker Mode flag is 0x00
Begin MonoManager ReloadAssembly
- Loaded All Assemblies, in  1.146 seconds
Refreshing native plugins compatible for Editor in 2.79 ms, found 3 plugins.
Native extension for iOS target not found
Native extension for Android target not found
Native extension for WindowsStandalone target not found
Native extension for WebGL target not found
Mono: successfully reloaded assembly
- Finished resetting the current domain, in  1.017 seconds
Domain Reload Profiling: 2156ms
	BeginReloadAssembly (241ms)
		ExecutionOrderSort (0ms)
		DisableScriptedObjects (8ms)
		BackupInstance (0ms)
		ReleaseScriptingObjects (0ms)
		CreateAndSetChildDomain (42ms)
	RebuildCommonClasses (46ms)
	RebuildNativeTypeToScriptingClass (15ms)
	initialDomainReloadingComplete (55ms)
	LoadAllAssembliesAndSetupDomain (778ms)
		LoadAssemblies (569ms)
		RebuildTransferFunctionScriptingTraits (0ms)
		AnalyzeDomain (357ms)
			TypeCache.Refresh (241ms)
				TypeCache.ScanAssembly (221ms)
			BuildScriptInfoCaches (95ms)
			ResolveRequiredComponents (16ms)
	FinalizeReload (1021ms)
		ReleaseScriptCaches (0ms)
		RebuildScriptCaches (0ms)
		SetupLoadedEditorAssemblies (812ms)
			LogAssemblyErrors (0ms)
			InitializePlatformSupportModulesInManaged (23ms)
			SetLoadedEditorAssemblies (6ms)
			BeforeProcessingInitializeOnLoad (152ms)
			ProcessInitializeOnLoadAttributes (527ms)
			ProcessInitializeOnLoadMethodAttributes (92ms)
			AfterProcessingInitializeOnLoad (10ms)
			EditorAssembliesLoaded (0ms)
		ExecutionOrderSort2 (0ms)
		AwakeInstancesAfterBackupRestoration (8ms)
Launched and connected shader compiler UnityShaderCompiler.exe after 0.02 seconds
Refreshing native plugins compatible for Editor in 2.85 ms, found 3 plugins.
Preloading 0 native plugins for Editor in 0.00 ms.
Unloading 203 Unused Serialized files (Serialized files now loaded: 0)
Unloading 6274 unused Assets / (5.2 MB). Loaded Objects now: 6962.
Memory consumption went from 163.4 MB to 158.2 MB.
Total: 14.145900 ms (FindLiveObjects: 1.235300 ms CreateObjectMapping: 1.477200 ms MarkObjects: 7.125800 ms  DeleteObjects: 4.304500 ms)

========================================================================
Received Import Request.
  Time since last request: 110109.021158 seconds.
  path: Assets/VRS_LowPolyNature (2)/VRS_LowPolyNature/Maps
  artifactKey: Guid(f84486d3e9f2f38469174715baeff762) Importer(815301076,1909f56bfc062723c751e8b465ee728b)
Start importing Assets/VRS_LowPolyNature (2)/VRS_LowPolyNature/Maps using Guid(f84486d3e9f2f38469174715baeff762) Importer(815301076,1909f56bfc062723c751e8b465ee728b) (PreviewImporter) -> (artifact id: 'c28cb90fd0a0eaca0215fc1059aef51d') in 0.0081911 seconds
Number of updated asset objects reloaded before import = 0Number of asset objects unloaded after import = 0

========================================================================
Received Import Request.
  Time since last request: 3.032207 seconds.
  path: Assets/VRS_LowPolyNature (2)/VRS_LowPolyNature/Maps/Cinematics
  artifactKey: Guid(a7060e573752bf44e8f69a7fbda5767f) Importer(815301076,1909f56bfc062723c751e8b465ee728b)
Start importing Assets/VRS_LowPolyNature (2)/VRS_LowPolyNature/Maps/Cinematics using Guid(a7060e573752bf44e8f69a7fbda5767f) Importer(815301076,1909f56bfc062723c751e8b465ee728b) (PreviewImporter) -> (artifact id: '87b8dfd351ec53462d3a1b5ff480ec76') in 0.0009821 seconds
Number of updated asset objects reloaded before import = 0Number of asset objects unloaded after import = 0

========================================================================
Received Import Request.
  Time since last request: 0.621757 seconds.
  path: Assets/VRS_LowPolyNature (2)/VRS_LowPolyNature/Maps/Cinematics/OverviewSequences.uasset
  artifactKey: Guid(c01877f7f3f4a7c43bbdc48f3deede8b) Importer(815301076,1909f56bfc062723c751e8b465ee728b)
Start importing Assets/VRS_LowPolyNature (2)/VRS_LowPolyNature/Maps/Cinematics/OverviewSequences.uasset using Guid(c01877f7f3f4a7c43bbdc48f3deede8b) Importer(815301076,1909f56bfc062723c751e8b465ee728b) (PreviewImporter) -> (artifact id: '43f15e94255c95cc14381ba674186338') in 0.0262197 seconds
Number of updated asset objects reloaded before import = 0Number of asset objects unloaded after import = 1

========================================================================
Received Import Request.
  Time since last request: 4.261809 seconds.
  path: Assets/VRS_LowPolyNature (2)/VRS_LowPolyNature/Maps/Demo.umap
  artifactKey: Guid(a71fcfd5417e1a648863c8b564e3adaf) Importer(815301076,1909f56bfc062723c751e8b465ee728b)
Start importing Assets/VRS_LowPolyNature (2)/VRS_LowPolyNature/Maps/Demo.umap using Guid(a71fcfd5417e1a648863c8b564e3adaf) Importer(815301076,1909f56bfc062723c751e8b465ee728b) (PreviewImporter) -> (artifact id: '27c6a03e5860ffcbfd3c5ecca3c6172b') in 0.0019586 seconds
Number of updated asset objects reloaded before import = 0Number of asset objects unloaded after import = 1

========================================================================
Received Import Request.
  Time since last request: 51.803368 seconds.
  path: Assets/VRS_LowPolyNature (2)/VRS_LowPolyNature/Materials
  artifactKey: Guid(21cd21b344769c747a1995b8cd13f26d) Importer(815301076,1909f56bfc062723c751e8b465ee728b)
Start importing Assets/VRS_LowPolyNature (2)/VRS_LowPolyNature/Materials using Guid(21cd21b344769c747a1995b8cd13f26d) Importer(815301076,1909f56bfc062723c751e8b465ee728b) (PreviewImporter) -> (artifact id: 'f1996d2c45b063cf7396cadf89cecc8e') in 0.0011148 seconds
Number of updated asset objects reloaded before import = 0Number of asset objects unloaded after import = 0

========================================================================
Received Import Request.
  Time since last request: 1.126497 seconds.
  path: Assets/VRS_LowPolyNature (2)/VRS_LowPolyNature/Materials/M_BaseMaterial.uasset
  artifactKey: Guid(5e926cf308c83374c8be9266837e6404) Importer(815301076,1909f56bfc062723c751e8b465ee728b)
Start importing Assets/VRS_LowPolyNature (2)/VRS_LowPolyNature/Materials/M_BaseMaterial.uasset using Guid(5e926cf308c83374c8be9266837e6404) Importer(815301076,1909f56bfc062723c751e8b465ee728b) (PreviewImporter) -> (artifact id: '7ca2d33602945ce24a46fd40240201e6') in 0.0026063 seconds
Number of updated asset objects reloaded before import = 0Number of asset objects unloaded after import = 1

========================================================================
Received Import Request.
  Time since last request: 39.709593 seconds.
  path: Assets/VRS_LowPolyNature (2)/VRS_LowPolyNature/Meshes/Arch
  artifactKey: Guid(cac2daed3e98ab34ca93158d0b490b7a) Importer(815301076,1909f56bfc062723c751e8b465ee728b)
Start importing Assets/VRS_LowPolyNature (2)/VRS_LowPolyNature/Meshes/Arch using Guid(cac2daed3e98ab34ca93158d0b490b7a) Importer(815301076,1909f56bfc062723c751e8b465ee728b) (PreviewImporter) -> (artifact id: '5703a8382efa53cdf78b2cf1ef532fbc') in 0.0010021 seconds
Number of updated asset objects reloaded before import = 0Number of asset objects unloaded after import = 0

========================================================================
Received Import Request.
  Time since last request: 2.512234 seconds.
  path: Assets/VRS_LowPolyNature (2)/VRS_LowPolyNature/Meshes/Arch/Ruins
  artifactKey: Guid(47a164efce2e5164f828c1a595740389) Importer(815301076,1909f56bfc062723c751e8b465ee728b)
Start importing Assets/VRS_LowPolyNature (2)/VRS_LowPolyNature/Meshes/Arch/Ruins using Guid(47a164efce2e5164f828c1a595740389) Importer(815301076,1909f56bfc062723c751e8b465ee728b) (PreviewImporter) -> (artifact id: 'ea43e108795b50f3e8a8a8237205531f') in 0.001242 seconds
Number of updated asset objects reloaded before import = 0Number of asset objects unloaded after import = 0

========================================================================
Received Import Request.
  Time since last request: 0.919091 seconds.
  path: Assets/VRS_LowPolyNature (2)/VRS_LowPolyNature/Meshes/Arch/Ruins/RuinedWalls
  artifactKey: Guid(714a7113661557f41aeda8cbae19a857) Importer(815301076,1909f56bfc062723c751e8b465ee728b)
Start importing Assets/VRS_LowPolyNature (2)/VRS_LowPolyNature/Meshes/Arch/Ruins/RuinedWalls using Guid(714a7113661557f41aeda8cbae19a857) Importer(815301076,1909f56bfc062723c751e8b465ee728b) (PreviewImporter) -> (artifact id: '32bdaf75a9f33ddefcb316158bde3239') in 0.001343 seconds
Number of updated asset objects reloaded before import = 0Number of asset objects unloaded after import = 0

========================================================================
Received Import Request.
  Time since last request: 8.070936 seconds.
  path: Assets/VRS_LowPolyNature (2)/VRS_LowPolyNature/Meshes/Props/Planks
  artifactKey: Guid(0c74fe06a2b4f224095285f01ce88cc0) Importer(815301076,1909f56bfc062723c751e8b465ee728b)
Start importing Assets/VRS_LowPolyNature (2)/VRS_LowPolyNature/Meshes/Props/Planks using Guid(0c74fe06a2b4f224095285f01ce88cc0) Importer(815301076,1909f56bfc062723c751e8b465ee728b) (PreviewImporter) -> (artifact id: '937f9ba1be365927ebcd2b1f36e46965') in 0.0012612 seconds
Number of updated asset objects reloaded before import = 0Number of asset objects unloaded after import = 0

